<?xml version="1.0" encoding="UTF-8"?>
<coverage generated="1734693194315" clover="3.2.0">
  <project timestamp="1734693194315" name="All files">
    <metrics statements="43" coveredstatements="41" conditionals="22" coveredconditionals="20" methods="4" coveredmethods="3" elements="69" coveredelements="64" complexity="0" loc="43" ncloc="43" packages="1" files="1" classes="1"/>
    <file name="server.js" path="C:\Users\Jalel\OneDrive - Epitech\Documents\Tests-Quality3\Tests-Quality-1\server.js">
      <metrics statements="43" coveredstatements="41" conditionals="22" coveredconditionals="20" methods="4" coveredmethods="3"/>
      <line num="1" count="5" type="stmt"/>
      <line num="2" count="5" type="stmt"/>
      <line num="3" count="5" type="stmt"/>
      <line num="4" count="5" type="stmt"/>
      <line num="5" count="5" type="stmt"/>
      <line num="7" count="5" type="stmt"/>
      <line num="8" count="5" type="cond" truecount="2" falsecount="0"/>
      <line num="11" count="5" type="stmt"/>
      <line num="12" count="5" type="stmt"/>
      <line num="13" count="5" type="stmt"/>
      <line num="16" count="5" type="stmt"/>
      <line num="19" count="5" type="stmt"/>
      <line num="20" count="9" type="stmt"/>
      <line num="21" count="9" type="cond" truecount="4" falsecount="0"/>
      <line num="22" count="1" type="stmt"/>
      <line num="24" count="8" type="cond" truecount="2" falsecount="0"/>
      <line num="25" count="8" type="cond" truecount="2" falsecount="0"/>
      <line num="28" count="8" type="cond" truecount="1" falsecount="1"/>
      <line num="32" count="8" type="cond" truecount="4" falsecount="0"/>
      <line num="33" count="7" type="stmt"/>
      <line num="36" count="8" type="stmt"/>
      <line num="38" count="8" type="stmt"/>
      <line num="39" count="8" type="stmt"/>
      <line num="49" count="8" type="stmt"/>
      <line num="50" count="7" type="stmt"/>
      <line num="52" count="7" type="stmt"/>
      <line num="53" count="7" type="stmt"/>
      <line num="55" count="1" type="stmt"/>
      <line num="56" count="1" type="stmt"/>
      <line num="60" count="5" type="stmt"/>
      <line num="61" count="4" type="stmt"/>
      <line num="62" count="4" type="cond" truecount="4" falsecount="0"/>
      <line num="63" count="1" type="stmt"/>
      <line num="65" count="3" type="stmt"/>
      <line num="66" count="3" type="stmt"/>
      <line num="69" count="5" type="stmt"/>
      <line num="70" count="3" type="stmt"/>
      <line num="71" count="3" type="stmt"/>
      <line num="72" count="3" type="stmt"/>
      <line num="76" count="5" type="cond" truecount="1" falsecount="1"/>
      <line num="77" count="0" type="stmt"/>
      <line num="78" count="0" type="stmt"/>
      <line num="83" count="5" type="stmt"/>
    </file>
  </project>
</coverage>
