{"C:\\Users\\Jalel\\OneDrive - Epitech\\Documents\\Tests-Quality3\\Tests-Quality-1\\server.js": {"path":"C:\\Users\\Jalel\\OneDrive - Epitech\\Documents\\Tests-Quality3\\Tests-Quality-1\\server.js","statementMap":{"0":{"start":{"line":1,"column":16},"end":{"line":1,"column":34}},"1":{"start":{"line":2,"column":14},"end":{"line":2,"column":30}},"2":{"start":{"line":3,"column":13},"end":{"line":3,"column":28}},"3":{"start":{"line":4,"column":21},"end":{"line":4,"column":45}},"4":{"start":{"line":5,"column":0},"end":{"line":5,"column":27}},"5":{"start":{"line":7,"column":12},"end":{"line":7,"column":21}},"6":{"start":{"line":8,"column":13},"end":{"line":8,"column":37}},"7":{"start":{"line":11,"column":0},"end":{"line":11,"column":24}},"8":{"start":{"line":12,"column":0},"end":{"line":12,"column":48}},"9":{"start":{"line":13,"column":0},"end":{"line":13,"column":24}},"10":{"start":{"line":16,"column":0},"end":{"line":16,"column":56}},"11":{"start":{"line":19,"column":0},"end":{"line":58,"column":3}},"12":{"start":{"line":20,"column":19},"end":{"line":20,"column":34}},"13":{"start":{"line":21,"column":4},"end":{"line":23,"column":5}},"14":{"start":{"line":22,"column":8},"end":{"line":22,"column":63}},"15":{"start":{"line":24,"column":20},"end":{"line":24,"column":78}},"16":{"start":{"line":25,"column":17},"end":{"line":25,"column":45}},"17":{"start":{"line":28,"column":8},"end":{"line":30,"column":61}},"18":{"start":{"line":32,"column":4},"end":{"line":34,"column":5}},"19":{"start":{"line":33,"column":8},"end":{"line":33,"column":70}},"20":{"start":{"line":36,"column":4},"end":{"line":36,"column":52}},"21":{"start":{"line":38,"column":4},"end":{"line":57,"column":5}},"22":{"start":{"line":39,"column":25},"end":{"line":47,"column":10}},"23":{"start":{"line":49,"column":22},"end":{"line":49,"column":62}},"24":{"start":{"line":50,"column":8},"end":{"line":50,"column":66}},"25":{"start":{"line":52,"column":8},"end":{"line":52,"column":104}},"26":{"start":{"line":53,"column":8},"end":{"line":53,"column":34}},"27":{"start":{"line":55,"column":8},"end":{"line":55,"column":69}},"28":{"start":{"line":56,"column":8},"end":{"line":56,"column":64}},"29":{"start":{"line":60,"column":0},"end":{"line":67,"column":3}},"30":{"start":{"line":61,"column":17},"end":{"line":61,"column":30}},"31":{"start":{"line":62,"column":4},"end":{"line":64,"column":5}},"32":{"start":{"line":63,"column":8},"end":{"line":63,"column":56}},"33":{"start":{"line":65,"column":4},"end":{"line":65,"column":78}},"34":{"start":{"line":66,"column":4},"end":{"line":66,"column":43}},"35":{"start":{"line":69,"column":0},"end":{"line":73,"column":3}},"36":{"start":{"line":70,"column":4},"end":{"line":70,"column":31}},"37":{"start":{"line":71,"column":4},"end":{"line":71,"column":28}},"38":{"start":{"line":72,"column":4},"end":{"line":72,"column":64}},"39":{"start":{"line":76,"column":0},"end":{"line":80,"column":1}},"40":{"start":{"line":77,"column":4},"end":{"line":79,"column":7}},"41":{"start":{"line":78,"column":8},"end":{"line":78,"column":70}},"42":{"start":{"line":83,"column":0},"end":{"line":83,"column":21}}},"fnMap":{"0":{"name":"(anonymous_0)","decl":{"start":{"line":19,"column":22},"end":{"line":19,"column":23}},"loc":{"start":{"line":19,"column":42},"end":{"line":58,"column":1}},"line":19},"1":{"name":"(anonymous_1)","decl":{"start":{"line":60,"column":22},"end":{"line":60,"column":23}},"loc":{"start":{"line":60,"column":36},"end":{"line":67,"column":1}},"line":60},"2":{"name":"(anonymous_2)","decl":{"start":{"line":69,"column":23},"end":{"line":69,"column":24}},"loc":{"start":{"line":69,"column":37},"end":{"line":73,"column":1}},"line":69},"3":{"name":"(anonymous_3)","decl":{"start":{"line":77,"column":21},"end":{"line":77,"column":22}},"loc":{"start":{"line":77,"column":27},"end":{"line":79,"column":5}},"line":77}},"branchMap":{"0":{"loc":{"start":{"line":8,"column":13},"end":{"line":8,"column":37}},"type":"binary-expr","locations":[{"start":{"line":8,"column":13},"end":{"line":8,"column":29}},{"start":{"line":8,"column":33},"end":{"line":8,"column":37}}],"line":8},"1":{"loc":{"start":{"line":21,"column":4},"end":{"line":23,"column":5}},"type":"if","locations":[{"start":{"line":21,"column":4},"end":{"line":23,"column":5}},{"start":{},"end":{}}],"line":21},"2":{"loc":{"start":{"line":21,"column":8},"end":{"line":21,"column":39}},"type":"binary-expr","locations":[{"start":{"line":21,"column":8},"end":{"line":21,"column":15}},{"start":{"line":21,"column":19},"end":{"line":21,"column":39}}],"line":21},"3":{"loc":{"start":{"line":24,"column":20},"end":{"line":24,"column":78}},"type":"cond-expr","locations":[{"start":{"line":24,"column":42},"end":{"line":24,"column":73}},{"start":{"line":24,"column":76},"end":{"line":24,"column":78}}],"line":24},"4":{"loc":{"start":{"line":25,"column":17},"end":{"line":25,"column":45}},"type":"binary-expr","locations":[{"start":{"line":25,"column":17},"end":{"line":25,"column":33}},{"start":{"line":25,"column":37},"end":{"line":25,"column":45}}],"line":25},"5":{"loc":{"start":{"line":28,"column":8},"end":{"line":30,"column":61}},"type":"cond-expr","locations":[{"start":{"line":29,"column":14},"end":{"line":29,"column":59}},{"start":{"line":30,"column":14},"end":{"line":30,"column":61}}],"line":28},"6":{"loc":{"start":{"line":32,"column":4},"end":{"line":34,"column":5}},"type":"if","locations":[{"start":{"line":32,"column":4},"end":{"line":34,"column":5}},{"start":{},"end":{}}],"line":32},"7":{"loc":{"start":{"line":32,"column":8},"end":{"line":32,"column":60}},"type":"binary-expr","locations":[{"start":{"line":32,"column":8},"end":{"line":32,"column":28}},{"start":{"line":32,"column":32},"end":{"line":32,"column":60}}],"line":32},"8":{"loc":{"start":{"line":62,"column":4},"end":{"line":64,"column":5}},"type":"if","locations":[{"start":{"line":62,"column":4},"end":{"line":64,"column":5}},{"start":{},"end":{}}],"line":62},"9":{"loc":{"start":{"line":62,"column":8},"end":{"line":62,"column":47}},"type":"binary-expr","locations":[{"start":{"line":62,"column":8},"end":{"line":62,"column":25}},{"start":{"line":62,"column":29},"end":{"line":62,"column":47}}],"line":62},"10":{"loc":{"start":{"line":76,"column":0},"end":{"line":80,"column":1}},"type":"if","locations":[{"start":{"line":76,"column":0},"end":{"line":80,"column":1}},{"start":{},"end":{}}],"line":76}},"s":{"0":5,"1":5,"2":5,"3":5,"4":5,"5":5,"6":5,"7":5,"8":5,"9":5,"10":5,"11":5,"12":9,"13":9,"14":1,"15":8,"16":8,"17":8,"18":8,"19":7,"20":8,"21":8,"22":8,"23":8,"24":7,"25":7,"26":7,"27":1,"28":1,"29":5,"30":4,"31":4,"32":1,"33":3,"34":3,"35":5,"36":3,"37":3,"38":3,"39":5,"40":0,"41":0,"42":5},"f":{"0":9,"1":4,"2":3,"3":0},"b":{"0":[5,5],"1":[1,8],"2":[9,8],"3":[1,7],"4":[8,8],"5":[0,8],"6":[7,1],"7":[8,1],"8":[1,3],"9":[4,3],"10":[0,5]},"_coverageSchema":"1a1c01bbd47fc00a2c39e90264f33305004495a9","hash":"d34f7f57df4cce94851251b0368ac1267c32fd1a"}
}
