{"C:\\Users\\Jalel\\OneDrive - Epitech\\Documents\\Tests-Quality3\\Tests-Quality-1\\server.js": {"path":"C:\\Users\\Jalel\\OneDrive - Epitech\\Documents\\Tests-Quality3\\Tests-Quality-1\\server.js","statementMap":{"0":{"start":{"line":1,"column":16},"end":{"line":1,"column":34}},"1":{"start":{"line":2,"column":14},"end":{"line":2,"column":30}},"2":{"start":{"line":3,"column":13},"end":{"line":3,"column":28}},"3":{"start":{"line":4,"column":21},"end":{"line":4,"column":45}},"4":{"start":{"line":5,"column":0},"end":{"line":5,"column":27}},"5":{"start":{"line":7,"column":12},"end":{"line":7,"column":21}},"6":{"start":{"line":8,"column":13},"end":{"line":8,"column":37}},"7":{"start":{"line":11,"column":0},"end":{"line":11,"column":24}},"8":{"start":{"line":12,"column":0},"end":{"line":12,"column":48}},"9":{"start":{"line":13,"column":0},"end":{"line":13,"column":24}},"10":{"start":{"line":16,"column":0},"end":{"line":16,"column":56}},"11":{"start":{"line":19,"column":0},"end":{"line":55,"column":3}},"12":{"start":{"line":20,"column":19},"end":{"line":20,"column":34}},"13":{"start":{"line":21,"column":20},"end":{"line":21,"column":78}},"14":{"start":{"line":22,"column":17},"end":{"line":22,"column":45}},"15":{"start":{"line":25,"column":8},"end":{"line":27,"column":61}},"16":{"start":{"line":29,"column":4},"end":{"line":31,"column":5}},"17":{"start":{"line":30,"column":8},"end":{"line":30,"column":70}},"18":{"start":{"line":33,"column":4},"end":{"line":33,"column":52}},"19":{"start":{"line":35,"column":4},"end":{"line":54,"column":5}},"20":{"start":{"line":36,"column":25},"end":{"line":44,"column":10}},"21":{"start":{"line":46,"column":22},"end":{"line":46,"column":62}},"22":{"start":{"line":47,"column":8},"end":{"line":47,"column":66}},"23":{"start":{"line":49,"column":8},"end":{"line":49,"column":104}},"24":{"start":{"line":50,"column":8},"end":{"line":50,"column":34}},"25":{"start":{"line":52,"column":8},"end":{"line":52,"column":69}},"26":{"start":{"line":53,"column":8},"end":{"line":53,"column":64}},"27":{"start":{"line":57,"column":0},"end":{"line":64,"column":3}},"28":{"start":{"line":58,"column":17},"end":{"line":58,"column":30}},"29":{"start":{"line":59,"column":4},"end":{"line":61,"column":5}},"30":{"start":{"line":60,"column":8},"end":{"line":60,"column":56}},"31":{"start":{"line":62,"column":4},"end":{"line":62,"column":78}},"32":{"start":{"line":63,"column":4},"end":{"line":63,"column":43}},"33":{"start":{"line":66,"column":0},"end":{"line":70,"column":3}},"34":{"start":{"line":67,"column":4},"end":{"line":67,"column":31}},"35":{"start":{"line":68,"column":4},"end":{"line":68,"column":28}},"36":{"start":{"line":69,"column":4},"end":{"line":69,"column":52}},"37":{"start":{"line":73,"column":0},"end":{"line":77,"column":1}},"38":{"start":{"line":74,"column":4},"end":{"line":76,"column":7}},"39":{"start":{"line":75,"column":8},"end":{"line":75,"column":70}},"40":{"start":{"line":80,"column":0},"end":{"line":80,"column":21}}},"fnMap":{"0":{"name":"(anonymous_0)","decl":{"start":{"line":19,"column":22},"end":{"line":19,"column":23}},"loc":{"start":{"line":19,"column":42},"end":{"line":55,"column":1}},"line":19},"1":{"name":"(anonymous_1)","decl":{"start":{"line":57,"column":22},"end":{"line":57,"column":23}},"loc":{"start":{"line":57,"column":36},"end":{"line":64,"column":1}},"line":57},"2":{"name":"(anonymous_2)","decl":{"start":{"line":66,"column":23},"end":{"line":66,"column":24}},"loc":{"start":{"line":66,"column":37},"end":{"line":70,"column":1}},"line":66},"3":{"name":"(anonymous_3)","decl":{"start":{"line":74,"column":21},"end":{"line":74,"column":22}},"loc":{"start":{"line":74,"column":27},"end":{"line":76,"column":5}},"line":74}},"branchMap":{"0":{"loc":{"start":{"line":8,"column":13},"end":{"line":8,"column":37}},"type":"binary-expr","locations":[{"start":{"line":8,"column":13},"end":{"line":8,"column":29}},{"start":{"line":8,"column":33},"end":{"line":8,"column":37}}],"line":8},"1":{"loc":{"start":{"line":21,"column":20},"end":{"line":21,"column":78}},"type":"cond-expr","locations":[{"start":{"line":21,"column":42},"end":{"line":21,"column":73}},{"start":{"line":21,"column":76},"end":{"line":21,"column":78}}],"line":21},"2":{"loc":{"start":{"line":22,"column":17},"end":{"line":22,"column":45}},"type":"binary-expr","locations":[{"start":{"line":22,"column":17},"end":{"line":22,"column":33}},{"start":{"line":22,"column":37},"end":{"line":22,"column":45}}],"line":22},"3":{"loc":{"start":{"line":25,"column":8},"end":{"line":27,"column":61}},"type":"cond-expr","locations":[{"start":{"line":26,"column":14},"end":{"line":26,"column":59}},{"start":{"line":27,"column":14},"end":{"line":27,"column":61}}],"line":25},"4":{"loc":{"start":{"line":29,"column":4},"end":{"line":31,"column":5}},"type":"if","locations":[{"start":{"line":29,"column":4},"end":{"line":31,"column":5}},{"start":{},"end":{}}],"line":29},"5":{"loc":{"start":{"line":29,"column":8},"end":{"line":29,"column":60}},"type":"binary-expr","locations":[{"start":{"line":29,"column":8},"end":{"line":29,"column":28}},{"start":{"line":29,"column":32},"end":{"line":29,"column":60}}],"line":29},"6":{"loc":{"start":{"line":59,"column":4},"end":{"line":61,"column":5}},"type":"if","locations":[{"start":{"line":59,"column":4},"end":{"line":61,"column":5}},{"start":{},"end":{}}],"line":59},"7":{"loc":{"start":{"line":59,"column":8},"end":{"line":59,"column":47}},"type":"binary-expr","locations":[{"start":{"line":59,"column":8},"end":{"line":59,"column":25}},{"start":{"line":59,"column":29},"end":{"line":59,"column":47}}],"line":59},"8":{"loc":{"start":{"line":73,"column":0},"end":{"line":77,"column":1}},"type":"if","locations":[{"start":{"line":73,"column":0},"end":{"line":77,"column":1}},{"start":{},"end":{}}],"line":73}},"s":{"0":5,"1":5,"2":5,"3":5,"4":5,"5":5,"6":5,"7":5,"8":5,"9":5,"10":5,"11":5,"12":9,"13":9,"14":9,"15":9,"16":9,"17":8,"18":9,"19":9,"20":9,"21":9,"22":9,"23":9,"24":9,"25":0,"26":0,"27":5,"28":4,"29":4,"30":1,"31":3,"32":3,"33":5,"34":3,"35":3,"36":3,"37":5,"38":0,"39":0,"40":5},"f":{"0":9,"1":4,"2":3,"3":0},"b":{"0":[5,5],"1":[1,8],"2":[9,9],"3":[0,9],"4":[8,1],"5":[9,1],"6":[1,3],"7":[4,3],"8":[0,5]},"_coverageSchema":"1a1c01bbd47fc00a2c39e90264f33305004495a9","hash":"4f04f69b3877d557dd879857ba719f48fbb3f8d8"}
}
