TN:
SF:server.js
FN:19,(anonymous_0)
FN:60,(anonymous_1)
FN:69,(anonymous_2)
FN:77,(anonymous_3)
FNF:4
FNH:3
FNDA:9,(anonymous_0)
FNDA:4,(anonymous_1)
FNDA:3,(anonymous_2)
FNDA:0,(anonymous_3)
DA:1,5
DA:2,5
DA:3,5
DA:4,5
DA:5,5
DA:7,5
DA:8,5
DA:11,5
DA:12,5
DA:13,5
DA:16,5
DA:19,5
DA:20,9
DA:21,9
DA:22,1
DA:24,8
DA:25,8
DA:28,8
DA:32,8
DA:33,7
DA:36,8
DA:38,8
DA:39,8
DA:49,8
DA:50,7
DA:52,7
DA:53,7
DA:55,1
DA:56,1
DA:60,5
DA:61,4
DA:62,4
DA:63,1
DA:65,3
DA:66,3
DA:69,5
DA:70,3
DA:71,3
DA:72,3
DA:76,5
DA:77,0
DA:78,0
DA:83,5
LF:43
LH:41
BRDA:8,0,0,5
BRDA:8,0,1,5
BRDA:21,1,0,1
BRDA:21,1,1,8
BRDA:21,2,0,9
BRDA:21,2,1,8
BRDA:24,3,0,1
BRDA:24,3,1,7
BRDA:25,4,0,8
BRDA:25,4,1,8
BRDA:28,5,0,0
BRDA:28,5,1,8
BRDA:32,6,0,7
BRDA:32,6,1,1
BRDA:32,7,0,8
BRDA:32,7,1,1
BRDA:62,8,0,1
BRDA:62,8,1,3
BRDA:62,9,0,4
BRDA:62,9,1,3
BRDA:76,10,0,0
BRDA:76,10,1,5
BRF:22
BRH:20
end_of_record
