TN:
SF:server.js
FN:19,(anonymous_0)
FN:57,(anonymous_1)
FN:66,(anonymous_2)
FN:74,(anonymous_3)
FNF:4
FNH:3
FNDA:9,(anonymous_0)
FNDA:4,(anonymous_1)
FNDA:3,(anonymous_2)
FNDA:0,(anonymous_3)
DA:1,5
DA:2,5
DA:3,5
DA:4,5
DA:5,5
DA:7,5
DA:8,5
DA:11,5
DA:12,5
DA:13,5
DA:16,5
DA:19,5
DA:20,9
DA:21,9
DA:22,9
DA:25,9
DA:29,9
DA:30,8
DA:33,9
DA:35,9
DA:36,9
DA:46,9
DA:47,9
DA:49,9
DA:50,9
DA:52,0
DA:53,0
DA:57,5
DA:58,4
DA:59,4
DA:60,1
DA:62,3
DA:63,3
DA:66,5
DA:67,3
DA:68,3
DA:69,3
DA:73,5
DA:74,0
DA:75,0
DA:80,5
LF:41
LH:37
BRDA:8,0,0,5
BRDA:8,0,1,5
BRDA:21,1,0,1
BRDA:21,1,1,8
BRDA:22,2,0,9
BRDA:22,2,1,9
BRDA:25,3,0,0
BRDA:25,3,1,9
BRDA:29,4,0,8
BRDA:29,4,1,1
BRDA:29,5,0,9
BRDA:29,5,1,1
BRDA:59,6,0,1
BRDA:59,6,1,3
BRDA:59,7,0,4
BRDA:59,7,1,3
BRDA:73,8,0,0
BRDA:73,8,1,5
BRF:18
BRH:16
end_of_record
